d:\hal\swordandmagic\swordandmagic\swordandmagic\x64\debug\vc141.pdb
d:\hal\swordandmagic\swordandmagic\swordandmagic\x64\debug\vc141.idb
d:\hal\swordandmagic\swordandmagic\swordandmagic\x64\debug\windowmanager.obj
d:\hal\swordandmagic\swordandmagic\swordandmagic\x64\debug\window.obj
d:\hal\swordandmagic\swordandmagic\swordandmagic\x64\debug\utility.obj
d:\hal\swordandmagic\swordandmagic\swordandmagic\x64\debug\texture.obj
d:\hal\swordandmagic\swordandmagic\swordandmagic\x64\debug\stepobject.obj
d:\hal\swordandmagic\swordandmagic\swordandmagic\x64\debug\scenecontroller.obj
d:\hal\swordandmagic\swordandmagic\swordandmagic\x64\debug\scene.obj
d:\hal\swordandmagic\swordandmagic\swordandmagic\x64\debug\objectregister.obj
d:\hal\swordandmagic\swordandmagic\swordandmagic\x64\debug\main.obj
d:\hal\swordandmagic\swordandmagic\swordandmagic\x64\debug\input.obj
d:\hal\swordandmagic\swordandmagic\swordandmagic\x64\debug\graphicsmanager.obj
d:\hal\swordandmagic\swordandmagic\swordandmagic\x64\debug\gamewnd.obj
d:\hal\swordandmagic\swordandmagic\swordandmagic\x64\debug\gameobj.obj
d:\hal\swordandmagic\swordandmagic\swordandmagic\x64\debug\fbxmesh.obj
d:\hal\swordandmagic\swordandmagic\swordandmagic\x64\debug\camera.obj
d:\hal\swordandmagic\swordandmagic\swordandmagic\x64\debug\shader.obj
d:\hal\swordandmagic\swordandmagic\swordandmagic\x64\debug\transform.obj
d:\hal\swordandmagic\swordandmagic\swordandmagic\x64\debug\fbxmodel.obj
d:\hal\swordandmagic\swordandmagic\swordandmagic\x64\debug\scenetitle.obj
d:\hal\swordandmagic\swordandmagic\swordandmagic\x64\debug\mesh.obj
d:\hal\swordandmagic\swordandmagic\swordandmagic\x64\debug\rotation.obj
d:\hal\swordandmagic\swordandmagic\swordandmagic\x64\debug\curtain.obj
d:\hal\swordandmagic\swordandmagic\swordandmagic\x64\debug\polygon.obj
d:\hal\swordandmagic\swordandmagic\swordandmagic\x64\debug\title.obj
d:\hal\swordandmagic\swordandmagic\swordandmagic\x64\debug\basicmesh.obj
d:\hal\swordandmagic\swordandmagic\swordandmagic\x64\debug\imgui_widgets.obj
d:\hal\swordandmagic\swordandmagic\swordandmagic\x64\debug\imgui_tables.obj
d:\hal\swordandmagic\swordandmagic\swordandmagic\x64\debug\imgui_main.obj
d:\hal\swordandmagic\swordandmagic\swordandmagic\x64\debug\imgui_impl_win32.obj
d:\hal\swordandmagic\swordandmagic\swordandmagic\x64\debug\imgui_impl_dx11.obj
d:\hal\swordandmagic\swordandmagic\swordandmagic\x64\debug\imgui_draw.obj
d:\hal\swordandmagic\swordandmagic\swordandmagic\x64\debug\imgui_demo.obj
d:\hal\swordandmagic\swordandmagic\swordandmagic\x64\debug\imgui.obj
d:\hal\swordandmagic\swordandmagic\swordandmagic\x64\debug\soundmanager.obj
d:\hal\swordandmagic\swordandmagic\swordandmagic\x64\debug\scenedebug.obj
d:\hal\swordandmagic\swordandmagic\swordandmagic\x64\debug\imguihelper.obj
d:\hal\swordandmagic\swordandmagic\swordandmagic\x64\debug\particle.obj
d:\hal\swordandmagic\swordandmagic\swordandmagic\x64\debug\particleeditor.obj
d:\hal\swordandmagic\swordandmagic\swordandmagic\data\shader\fbxmodelvertex.cso
d:\hal\swordandmagic\swordandmagic\swordandmagic\data\shader\pixel2d.cso
d:\hal\swordandmagic\swordandmagic\swordandmagic\data\shader\vertex.cso
d:\hal\swordandmagic\swordandmagic\swordandmagic\data\shader\vertex2d.cso
d:\hal\swordandmagic\swordandmagic\swordandmagic\data\shader\fbxmodelpixel.cso
d:\hal\swordandmagic\swordandmagic\swordandmagic\data\shader\fbxmodelpixeltoon.cso
d:\hal\swordandmagic\swordandmagic\swordandmagic\data\shader\pixel.cso
d:\hal\swordandmagic\swordandmagic\x64\debug\swordandmagic.pdb
d:\hal\swordandmagic\swordandmagic\swordandmagic\x64\debug\swordandmagic.tlog\cl.command.1.tlog
d:\hal\swordandmagic\swordandmagic\swordandmagic\x64\debug\swordandmagic.tlog\cl.read.1.tlog
d:\hal\swordandmagic\swordandmagic\swordandmagic\x64\debug\swordandmagic.tlog\cl.write.1.tlog
d:\hal\swordandmagic\swordandmagic\swordandmagic\x64\debug\swordandmagic.tlog\fxc.command.1.tlog
d:\hal\swordandmagic\swordandmagic\swordandmagic\x64\debug\swordandmagic.tlog\fxc.read.1.tlog
d:\hal\swordandmagic\swordandmagic\swordandmagic\x64\debug\swordandmagic.tlog\fxc.write.1.tlog
d:\hal\swordandmagic\swordandmagic\swordandmagic\x64\debug\swordandmagic.tlog\link.command.1.tlog
d:\hal\swordandmagic\swordandmagic\swordandmagic\x64\debug\swordandmagic.tlog\link.read.1.tlog
d:\hal\swordandmagic\swordandmagic\swordandmagic\x64\debug\swordandmagic.tlog\link.write.1.tlog
