d:\hal\swordandmagic\swordandmagic\swordandmagic\x64\release\vc141.pdb
d:\hal\swordandmagic\swordandmagic\swordandmagic\x64\release\utility.obj
d:\hal\swordandmagic\swordandmagic\swordandmagic\x64\release\transform.obj
d:\hal\swordandmagic\swordandmagic\swordandmagic\x64\release\texture.obj
d:\hal\swordandmagic\swordandmagic\swordandmagic\x64\release\stepobject.obj
d:\hal\swordandmagic\swordandmagic\swordandmagic\x64\release\shader.obj
d:\hal\swordandmagic\swordandmagic\swordandmagic\x64\release\scenetitle.obj
d:\hal\swordandmagic\swordandmagic\swordandmagic\x64\release\scenecontroller.obj
d:\hal\swordandmagic\swordandmagic\swordandmagic\x64\release\scene.obj
d:\hal\swordandmagic\swordandmagic\swordandmagic\x64\release\rotation.obj
d:\hal\swordandmagic\swordandmagic\swordandmagic\x64\release\objectregister.obj
d:\hal\swordandmagic\swordandmagic\swordandmagic\x64\release\mesh.obj
d:\hal\swordandmagic\swordandmagic\swordandmagic\x64\release\main.obj
d:\hal\swordandmagic\swordandmagic\swordandmagic\x64\release\input.obj
d:\hal\swordandmagic\swordandmagic\swordandmagic\x64\release\graphicsmanager.obj
d:\hal\swordandmagic\swordandmagic\swordandmagic\x64\release\gamewnd.obj
d:\hal\swordandmagic\swordandmagic\swordandmagic\x64\release\gameobj.obj
d:\hal\swordandmagic\swordandmagic\swordandmagic\x64\release\fbxmodel.obj
d:\hal\swordandmagic\swordandmagic\swordandmagic\x64\release\fbxmesh.obj
d:\hal\swordandmagic\swordandmagic\swordandmagic\x64\release\curtain.obj
d:\hal\swordandmagic\swordandmagic\swordandmagic\x64\release\camera.obj
d:\hal\swordandmagic\swordandmagic\swordandmagic\x64\release\windowmanager.obj
d:\hal\swordandmagic\swordandmagic\swordandmagic\x64\release\window.obj
d:\hal\swordandmagic\swordandmagic\swordandmagic\x64\release\polygon.obj
d:\hal\swordandmagic\swordandmagic\swordandmagic\data\shader\fbxmodelpixel.cso
d:\hal\swordandmagic\swordandmagic\swordandmagic\data\shader\fbxmodelpixeltoon.cso
d:\hal\swordandmagic\swordandmagic\swordandmagic\data\shader\fbxmodelvertex.cso
d:\hal\swordandmagic\swordandmagic\swordandmagic\data\shader\pixel2d.cso
d:\hal\swordandmagic\swordandmagic\swordandmagic\data\shader\vertex.cso
d:\hal\swordandmagic\swordandmagic\swordandmagic\data\shader\vertex2d.cso
d:\hal\swordandmagic\swordandmagic\swordandmagic\data\shader\pixel.cso
d:\hal\swordandmagic\swordandmagic\x64\release\swordandmagic.exe
d:\hal\swordandmagic\swordandmagic\x64\release\swordandmagic.pdb
d:\hal\swordandmagic\swordandmagic\x64\release\swordandmagic.ipdb
d:\hal\swordandmagic\swordandmagic\x64\release\swordandmagic.iobj
d:\hal\swordandmagic\swordandmagic\swordandmagic\x64\release\swordandmagic.tlog\cl.command.1.tlog
d:\hal\swordandmagic\swordandmagic\swordandmagic\x64\release\swordandmagic.tlog\cl.read.1.tlog
d:\hal\swordandmagic\swordandmagic\swordandmagic\x64\release\swordandmagic.tlog\cl.write.1.tlog
d:\hal\swordandmagic\swordandmagic\swordandmagic\x64\release\swordandmagic.tlog\fxc.command.1.tlog
d:\hal\swordandmagic\swordandmagic\swordandmagic\x64\release\swordandmagic.tlog\fxc.read.1.tlog
d:\hal\swordandmagic\swordandmagic\swordandmagic\x64\release\swordandmagic.tlog\fxc.write.1.tlog
d:\hal\swordandmagic\swordandmagic\swordandmagic\x64\release\swordandmagic.tlog\link.command.1.tlog
d:\hal\swordandmagic\swordandmagic\swordandmagic\x64\release\swordandmagic.tlog\link.read.1.tlog
d:\hal\swordandmagic\swordandmagic\swordandmagic\x64\release\swordandmagic.tlog\link.write.1.tlog
d:\hal\swordandmagic\swordandmagic\swordandmagic\x64\release\swordandmagic.tlog\swordandmagic.write.1u.tlog
